Android-SDK-Pro/HBuilder-Hello/app/build/outputs/logs/manifest-merger-debug-report.txt
-- Merging decision tree log ---
manifest
ADDED from src/main/AndroidManifest.xml:2:1-468:12
INJECTED from src/main/AndroidManifest.xml:2:1-468:12
INJECTED from src/main/AndroidManifest.xml:2:1-468:12
INJECTED from src/main/AndroidManifest.xml:2:1-468:12
MERGED from [:lib.5plus.base-release:] AndroidManifest.xml:2:1-223:12
MERGED from [:SCsdk:] AndroidManifest.xml:2:1-17:12
MERGED from [com.android.support:multidex:1.0.2] AndroidManifest.xml:17:1-22:12
MERGED from [com.android.support:appcompat-v7:26.1.0] AndroidManifest.xml:17:1-31:12
MERGED from [com.android.support.constraint:constraint-layout:1.0.2] AndroidManifest.xml:2:1-11:12
MERGED from [com.android.support:animated-vector-drawable:26.1.0] AndroidManifest.xml:17:1-28:12
MERGED from [com.android.support:support-vector-drawable:26.1.0] AndroidManifest.xml:17:1-28:12
MERGED from [com.android.support:support-v4:26.1.0] AndroidManifest.xml:17:1-31:12
MERGED from [com.android.support:support-media-compat:26.1.0] AndroidManifest.xml:17:1-31:12
MERGED from [com.android.support:support-fragment:26.1.0] AndroidManifest.xml:17:1-31:12
MERGED from [com.android.support:support-core-utils:26.1.0] AndroidManifest.xml:17:1-31:12
MERGED from [com.android.support:support-core-ui:26.1.0] AndroidManifest.xml:17:1-31:12
MERGED from [com.android.support:support-compat:26.1.0] AndroidManifest.xml:17:1-31:12
MERGED from [android.arch.lifecycle:runtime:1.0.0] AndroidManifest.xml:17:1-30:12
INJECTED from src/main/AndroidManifest.xml:2:1-468:12
INJECTED from src/main/AndroidManifest.xml:2:1-468:12
INJECTED from src/main/AndroidManifest.xml:2:1-468:12
	package
		ADDED from src/main/AndroidManifest.xml:4:5-33
		INJECTED from src/main/AndroidManifest.xml
		INJECTED from src/main/AndroidManifest.xml
	android:versionName
		INJECTED from src/main/AndroidManifest.xml
		ADDED from src/main/AndroidManifest.xml:2:1-468:12
		INJECTED from src/main/AndroidManifest.xml
	xmlns:tools
		ADDED from src/main/AndroidManifest.xml:3:5-51
	android:versionCode
		INJECTED from src/main/AndroidManifest.xml
		ADDED from src/main/AndroidManifest.xml:2:1-468:12
		INJECTED from src/main/AndroidManifest.xml
	xmlns:android
		ADDED from src/main/AndroidManifest.xml:2:11-69
uses-permission#android.permission.CAMERA
ADDED from src/main/AndroidManifest.xml:7:5-65
MERGED from [:lib.5plus.base-release:] AndroidManifest.xml:29:5-65
MERGED from [:lib.5plus.base-release:] AndroidManifest.xml:29:5-65
	android:name
		ADDED from src/main/AndroidManifest.xml:7:22-62
uses-permission#android.permission.WRITE_EXTERNAL_STORAGE
ADDED from src/main/AndroidManifest.xml:8:5-81
MERGED from [:lib.5plus.base-release:] AndroidManifest.xml:16:5-81
MERGED from [:lib.5plus.base-release:] AndroidManifest.xml:16:5-81
	android:name
		ADDED from src/main/AndroidManifest.xml:8:22-78
uses-feature#android.hardware.camera
ADDED from src/main/AndroidManifest.xml:9:5-60
MERGED from [:lib.5plus.base-release:] AndroidManifest.xml:38:5-60
MERGED from [:lib.5plus.base-release:] AndroidManifest.xml:38:5-60
	android:name
		ADDED from src/main/AndroidManifest.xml:9:19-57
uses-feature#android.hardware.camera.autofocus
ADDED from src/main/AndroidManifest.xml:10:5-70
MERGED from [:lib.5plus.base-release:] AndroidManifest.xml:24:5-70
MERGED from [:lib.5plus.base-release:] AndroidManifest.xml:24:5-70
	android:name
		ADDED from src/main/AndroidManifest.xml:10:19-67
uses-permission#android.permission.VIBRATE
ADDED from src/main/AndroidManifest.xml:11:5-66
	android:name
		ADDED from src/main/AndroidManifest.xml:11:22-63
uses-permission#android.permission.FLASHLIGHT
ADDED from src/main/AndroidManifest.xml:12:5-69
MERGED from [:lib.5plus.base-release:] AndroidManifest.xml:36:5-69
MERGED from [:lib.5plus.base-release:] AndroidManifest.xml:36:5-69
	android:name
		ADDED from src/main/AndroidManifest.xml:12:22-66
uses-permission#android.permission.READ_EXTERNAL_STORAGE
ADDED from src/main/AndroidManifest.xml:15:5-96
	android:name
		ADDED from src/main/AndroidManifest.xml:15:22-77
uses-permission#android.permission.INTERNET
ADDED from src/main/AndroidManifest.xml:19:5-67
MERGED from [:lib.5plus.base-release:] AndroidManifest.xml:17:5-67
MERGED from [:lib.5plus.base-release:] AndroidManifest.xml:17:5-67
MERGED from [:lib.5plus.base-release:] AndroidManifest.xml:34:5-67
MERGED from [:lib.5plus.base-release:] AndroidManifest.xml:34:5-67
	android:name
		ADDED from src/main/AndroidManifest.xml:19:22-64
uses-permission#android.permission.ACCESS_COARSE_LOCATION
ADDED from src/main/AndroidManifest.xml:21:5-81
	android:name
		ADDED from src/main/AndroidManifest.xml:21:22-78
uses-permission#android.permission.ACCESS_FINE_LOCATION
ADDED from src/main/AndroidManifest.xml:22:5-79
	android:name
		ADDED from src/main/AndroidManifest.xml:22:22-76
uses-permission#android.permission.WRITE_SETTINGS
ADDED from src/main/AndroidManifest.xml:23:5-73
	android:name
		ADDED from src/main/AndroidManifest.xml:23:22-70
uses-permission#android.permission.ACCESS_NETWORK_STATE
ADDED from src/main/AndroidManifest.xml:24:5-79
MERGED from [:lib.5plus.base-release:] AndroidManifest.xml:18:5-79
MERGED from [:lib.5plus.base-release:] AndroidManifest.xml:18:5-79
MERGED from [:lib.5plus.base-release:] AndroidManifest.xml:27:5-79
MERGED from [:lib.5plus.base-release:] AndroidManifest.xml:27:5-79
	android:name
		ADDED from src/main/AndroidManifest.xml:24:22-76
uses-permission#android.permission.CHANGE_WIFI_STATE
ADDED from src/main/AndroidManifest.xml:25:5-76
	android:name
		ADDED from src/main/AndroidManifest.xml:25:22-73
uses-permission#android.permission.READ_PHONE_STATE
ADDED from src/main/AndroidManifest.xml:26:5-75
MERGED from [:lib.5plus.base-release:] AndroidManifest.xml:35:5-75
MERGED from [:lib.5plus.base-release:] AndroidManifest.xml:35:5-75
	android:name
		ADDED from src/main/AndroidManifest.xml:26:22-72
uses-permission#android.permission.MOUNT_UNMOUNT_FILESYSTEMS
ADDED from src/main/AndroidManifest.xml:27:5-84
	android:name
		ADDED from src/main/AndroidManifest.xml:27:22-81
uses-permission#android.permission.READ_LOGS
ADDED from src/main/AndroidManifest.xml:28:5-68
	android:name
		ADDED from src/main/AndroidManifest.xml:28:22-65
uses-permission#android.permission.WAKE_LOCK
ADDED from src/main/AndroidManifest.xml:64:5-68
	android:name
		ADDED from src/main/AndroidManifest.xml:64:22-65
uses-permission#android.permission.RECEIVE_BOOT_COMPLETED
ADDED from src/main/AndroidManifest.xml:65:5-81
	android:name
		ADDED from src/main/AndroidManifest.xml:65:22-78
uses-permission#android.permission.ACCESS_WIFI_STATE
ADDED from src/main/AndroidManifest.xml:68:5-76
MERGED from [:lib.5plus.base-release:] AndroidManifest.xml:22:5-76
MERGED from [:lib.5plus.base-release:] AndroidManifest.xml:22:5-76
	android:name
		ADDED from src/main/AndroidManifest.xml:68:22-73
uses-permission#android.permission.CALL_PHONE
ADDED from src/main/AndroidManifest.xml:69:5-69
	android:name
		ADDED from src/main/AndroidManifest.xml:69:22-66
uses-permission#getui.permission.GetuiService.com.HBuilder.integrate
ADDED from src/main/AndroidManifest.xml:70:5-92
	android:name
		ADDED from src/main/AndroidManifest.xml:70:22-89
permission#getui.permission.GetuiService.com.HBuilder.integrate
ADDED from src/main/AndroidManifest.xml:72:5-74:44
	android:protectionLevel
		ADDED from src/main/AndroidManifest.xml:74:9-41
	android:name
		ADDED from src/main/AndroidManifest.xml:73:9-76
uses-permission#android.permission.ACCESS_MOCK_LOCATION
ADDED from src/main/AndroidManifest.xml:89:5-79
	android:name
		ADDED from src/main/AndroidManifest.xml:89:22-76
uses-permission#android.permission.MODIFY_AUDIO_SETTINGS
ADDED from src/main/AndroidManifest.xml:91:5-80
	android:name
		ADDED from src/main/AndroidManifest.xml:91:22-77
uses-permission#android.permission.RECORD_AUDIO
ADDED from src/main/AndroidManifest.xml:99:5-71
MERGED from [:lib.5plus.base-release:] AndroidManifest.xml:31:5-71
MERGED from [:lib.5plus.base-release:] AndroidManifest.xml:31:5-71
	android:name
		ADDED from src/main/AndroidManifest.xml:99:22-68
uses-permission#android.permission.CHANGE_NETWORK_STATE
ADDED from src/main/AndroidManifest.xml:102:5-79
MERGED from [:lib.5plus.base-release:] AndroidManifest.xml:20:5-79
MERGED from [:lib.5plus.base-release:] AndroidManifest.xml:20:5-79
	android:name
		ADDED from src/main/AndroidManifest.xml:102:22-76
uses-permission#android.permission.RECEIVE_USER_PRESENT
ADDED from src/main/AndroidManifest.xml:111:5-79
	android:name
		ADDED from src/main/AndroidManifest.xml:111:22-76
uses-permission#com.xiaomi.permission.AUTH_SERVICE
ADDED from src/main/AndroidManifest.xml:115:5-74
	android:name
		ADDED from src/main/AndroidManifest.xml:115:22-71
application
ADDED from src/main/AndroidManifest.xml:117:5-466:19
MERGED from [:lib.5plus.base-release:] AndroidManifest.xml:77:5-221:19
MERGED from [:lib.5plus.base-release:] AndroidManifest.xml:77:5-221:19
MERGED from [:SCsdk:] AndroidManifest.xml:11:5-15:19
MERGED from [:SCsdk:] AndroidManifest.xml:11:5-15:19
MERGED from [com.android.support:appcompat-v7:26.1.0] AndroidManifest.xml:25:5-29:19
MERGED from [com.android.support:appcompat-v7:26.1.0] AndroidManifest.xml:25:5-29:19
MERGED from [com.android.support.constraint:constraint-layout:1.0.2] AndroidManifest.xml:9:5-20
MERGED from [com.android.support.constraint:constraint-layout:1.0.2] AndroidManifest.xml:9:5-20
MERGED from [com.android.support:animated-vector-drawable:26.1.0] AndroidManifest.xml:22:5-26:19
MERGED from [com.android.support:animated-vector-drawable:26.1.0] AndroidManifest.xml:22:5-26:19
MERGED from [com.android.support:support-vector-drawable:26.1.0] AndroidManifest.xml:22:5-26:19
MERGED from [com.android.support:support-vector-drawable:26.1.0] AndroidManifest.xml:22:5-26:19
MERGED from [com.android.support:support-v4:26.1.0] AndroidManifest.xml:25:5-29:19
MERGED from [com.android.support:support-v4:26.1.0] AndroidManifest.xml:25:5-29:19
MERGED from [com.android.support:support-media-compat:26.1.0] AndroidManifest.xml:25:5-29:19
MERGED from [com.android.support:support-media-compat:26.1.0] AndroidManifest.xml:25:5-29:19
MERGED from [com.android.support:support-fragment:26.1.0] AndroidManifest.xml:25:5-29:19
MERGED from [com.android.support:support-fragment:26.1.0] AndroidManifest.xml:25:5-29:19
MERGED from [com.android.support:support-core-utils:26.1.0] AndroidManifest.xml:25:5-29:19
MERGED from [com.android.support:support-core-utils:26.1.0] AndroidManifest.xml:25:5-29:19
MERGED from [com.android.support:support-core-ui:26.1.0] AndroidManifest.xml:25:5-29:19
MERGED from [com.android.support:support-core-ui:26.1.0] AndroidManifest.xml:25:5-29:19
MERGED from [com.android.support:support-compat:26.1.0] AndroidManifest.xml:25:5-29:19
MERGED from [com.android.support:support-compat:26.1.0] AndroidManifest.xml:25:5-29:19
MERGED from [android.arch.lifecycle:runtime:1.0.0] AndroidManifest.xml:24:5-28:19
MERGED from [android.arch.lifecycle:runtime:1.0.0] AndroidManifest.xml:24:5-28:19
	android:supportsRtl
		ADDED from [:lib.5plus.base-release:] AndroidManifest.xml:80:9-35
	android:label
		ADDED from src/main/AndroidManifest.xml:121:9-41
	android:allowClearUserData
		ADDED from src/main/AndroidManifest.xml:119:9-42
	android:allowBackup
		ADDED from [:lib.5plus.base-release:] AndroidManifest.xml:79:9-35
	android:largeHeap
		ADDED from src/main/AndroidManifest.xml:122:9-33
	android:icon
		ADDED from src/main/AndroidManifest.xml:120:9-38
	android:name
		ADDED from src/main/AndroidManifest.xml:118:9-63
activity#io.dcloud.PandoraEntry
ADDED from src/main/AndroidManifest.xml:125:9-138:20
	android:screenOrientation
		ADDED from src/main/AndroidManifest.xml:132:13-45
	android:label
		ADDED from src/main/AndroidManifest.xml:128:13-45
	android:launchMode
		ADDED from src/main/AndroidManifest.xml:129:13-44
	android:hardwareAccelerated
		ADDED from src/main/AndroidManifest.xml:130:13-47
	android:windowSoftInputMode
		ADDED from src/main/AndroidManifest.xml:133:13-55
	android:configChanges
		ADDED from src/main/AndroidManifest.xml:127:13-83
	android:theme
		ADDED from src/main/AndroidManifest.xml:131:13-52
	android:name
		ADDED from src/main/AndroidManifest.xml:126:13-50
intent-filter#android.intent.action.MAIN+android.intent.category.LAUNCHER
ADDED from src/main/AndroidManifest.xml:134:13-137:29
action#android.intent.action.MAIN
ADDED from src/main/AndroidManifest.xml:135:17-69
	android:name
		ADDED from src/main/AndroidManifest.xml:135:25-66
category#android.intent.category.LAUNCHER
ADDED from src/main/AndroidManifest.xml:136:17-77
	android:name
		ADDED from src/main/AndroidManifest.xml:136:27-74
meta-data#UMENG_APPKEY
ADDED from src/main/AndroidManifest.xml:144:9-146:56
	android:value
		ADDED from src/main/AndroidManifest.xml:146:13-53
	android:name
		ADDED from src/main/AndroidManifest.xml:145:13-40
meta-data#UMENG_CHANNEL
ADDED from src/main/AndroidManifest.xml:147:9-149:42
	android:value
		ADDED from src/main/AndroidManifest.xml:149:13-39
	android:name
		ADDED from src/main/AndroidManifest.xml:148:13-41
meta-data#com.baidu.lbsapi.API_KEY
ADDED from src/main/AndroidManifest.xml:155:16-158:29
	android:value
		ADDED from src/main/AndroidManifest.xml:157:21-61
	android:name
		ADDED from src/main/AndroidManifest.xml:156:21-60
service#com.baidu.location.f
ADDED from src/main/AndroidManifest.xml:160:17-163:57
	android:process
		ADDED from src/main/AndroidManifest.xml:163:21-46
	android:enabled
		ADDED from src/main/AndroidManifest.xml:162:21-43
	android:name
		ADDED from src/main/AndroidManifest.xml:161:21-56
meta-data#QQ_APPID
ADDED from src/main/AndroidManifest.xml:170:9-172:42
	android:value
		ADDED from src/main/AndroidManifest.xml:172:13-39
	android:name
		ADDED from src/main/AndroidManifest.xml:171:13-36
activity#com.tencent.tauth.AuthActivity
ADDED from src/main/AndroidManifest.xml:174:9-186:20
	android:launchMode
		ADDED from src/main/AndroidManifest.xml:176:13-44
	android:noHistory
		ADDED from src/main/AndroidManifest.xml:177:13-37
	android:name
		ADDED from src/main/AndroidManifest.xml:175:13-58
intent-filter#android.intent.action.VIEW+android.intent.category.BROWSABLE+android.intent.category.DEFAULT
ADDED from src/main/AndroidManifest.xml:178:13-185:29
action#android.intent.action.VIEW
ADDED from src/main/AndroidManifest.xml:179:17-69
	android:name
		ADDED from src/main/AndroidManifest.xml:179:25-66
category#android.intent.category.DEFAULT
ADDED from src/main/AndroidManifest.xml:181:17-76
	android:name
		ADDED from src/main/AndroidManifest.xml:181:27-73
category#android.intent.category.BROWSABLE
ADDED from src/main/AndroidManifest.xml:182:17-78
	android:name
		ADDED from src/main/AndroidManifest.xml:182:27-75
data
ADDED from src/main/AndroidManifest.xml:184:17-53
	android:scheme
		ADDED from src/main/AndroidManifest.xml:184:23-50
activity#com.tencent.connect.common.AssistActivity
ADDED from src/main/AndroidManifest.xml:187:9-190:75
	android:screenOrientation
		ADDED from src/main/AndroidManifest.xml:189:13-49
	android:theme
		ADDED from src/main/AndroidManifest.xml:190:13-72
	android:name
		ADDED from src/main/AndroidManifest.xml:188:13-69
meta-data#IFLY_APPKEY
ADDED from src/main/AndroidManifest.xml:204:9-206:40
	android:value
		ADDED from src/main/AndroidManifest.xml:206:13-37
	android:name
		ADDED from src/main/AndroidManifest.xml:205:13-39
meta-data#PUSH_APPID
ADDED from src/main/AndroidManifest.xml:216:9-218:54
	android:value
		ADDED from src/main/AndroidManifest.xml:218:13-51
	android:name
		ADDED from src/main/AndroidManifest.xml:217:13-38
meta-data#PUSH_APPKEY
ADDED from src/main/AndroidManifest.xml:219:9-221:54
	android:value
		ADDED from src/main/AndroidManifest.xml:221:13-51
	android:name
		ADDED from src/main/AndroidManifest.xml:220:13-39
meta-data#PUSH_APPSECRET
ADDED from src/main/AndroidManifest.xml:222:9-224:54
	android:value
		ADDED from src/main/AndroidManifest.xml:224:13-51
	android:name
		ADDED from src/main/AndroidManifest.xml:223:13-42
service#com.igexin.sdk.PushService
ADDED from src/main/AndroidManifest.xml:226:9-234:19
	android:process
		ADDED from src/main/AndroidManifest.xml:230:13-43
	android:label
		ADDED from src/main/AndroidManifest.xml:229:13-47
	android:exported
		ADDED from src/main/AndroidManifest.xml:228:13-36
	android:name
		ADDED from src/main/AndroidManifest.xml:227:13-54
intent-filter#com.igexin.sdk.action.service.message
ADDED from src/main/AndroidManifest.xml:231:13-233:29
action#com.igexin.sdk.action.service.message
ADDED from src/main/AndroidManifest.xml:232:17-80
	android:name
		ADDED from src/main/AndroidManifest.xml:232:25-77
receiver#com.igexin.sdk.PushReceiver
ADDED from src/main/AndroidManifest.xml:236:9-246:20
	android:name
		ADDED from src/main/AndroidManifest.xml:236:19-61
intent-filter#android.intent.action.ACTION_POWER_CONNECTED+android.intent.action.ACTION_POWER_DISCONNECTED+android.intent.action.BOOT_COMPLETED+android.intent.action.MEDIA_MOUNTED+android.intent.action.USER_PRESENT+android.net.conn.CONNECTIVITY_CHANGE+com.igexin.sdk.action.refreshls
ADDED from src/main/AndroidManifest.xml:237:13-245:29
action#android.intent.action.BOOT_COMPLETED
ADDED from src/main/AndroidManifest.xml:238:17-79
	android:name
		ADDED from src/main/AndroidManifest.xml:238:25-76
action#android.net.conn.CONNECTIVITY_CHANGE
ADDED from src/main/AndroidManifest.xml:239:17-79
	android:name
		ADDED from src/main/AndroidManifest.xml:239:25-76
action#android.intent.action.USER_PRESENT
ADDED from src/main/AndroidManifest.xml:240:17-77
	android:name
		ADDED from src/main/AndroidManifest.xml:240:25-74
action#com.igexin.sdk.action.refreshls
ADDED from src/main/AndroidManifest.xml:241:17-74
	android:name
		ADDED from src/main/AndroidManifest.xml:241:25-71
action#android.intent.action.MEDIA_MOUNTED
ADDED from src/main/AndroidManifest.xml:242:17-78
	android:name
		ADDED from src/main/AndroidManifest.xml:242:25-75
action#android.intent.action.ACTION_POWER_CONNECTED
ADDED from src/main/AndroidManifest.xml:243:17-87
	android:name
		ADDED from src/main/AndroidManifest.xml:243:25-84
action#android.intent.action.ACTION_POWER_DISCONNECTED
ADDED from src/main/AndroidManifest.xml:244:17-90
	android:name
		ADDED from src/main/AndroidManifest.xml:244:25-87
activity#com.igexin.sdk.PushActivity
ADDED from src/main/AndroidManifest.xml:248:9-254:75
	android:process
		ADDED from src/main/AndroidManifest.xml:252:13-43
	android:excludeFromRecents
		ADDED from src/main/AndroidManifest.xml:250:13-46
	android:exported
		ADDED from src/main/AndroidManifest.xml:251:13-37
	android:theme
		ADDED from src/main/AndroidManifest.xml:254:13-72
	android:taskAffinity
		ADDED from src/main/AndroidManifest.xml:253:13-67
	android:name
		ADDED from src/main/AndroidManifest.xml:249:13-55
activity#com.igexin.sdk.GActivity
ADDED from src/main/AndroidManifest.xml:255:9-261:75
	android:process
		ADDED from src/main/AndroidManifest.xml:259:13-43
	android:excludeFromRecents
		ADDED from src/main/AndroidManifest.xml:257:13-46
	android:exported
		ADDED from src/main/AndroidManifest.xml:258:13-36
	android:theme
		ADDED from src/main/AndroidManifest.xml:261:13-72
	android:taskAffinity
		ADDED from src/main/AndroidManifest.xml:260:13-67
	android:name
		ADDED from src/main/AndroidManifest.xml:256:13-52
receiver#io.dcloud.feature.apsGt.GTNotificationReceiver
ADDED from src/main/AndroidManifest.xml:263:9-271:20
	android:name
		ADDED from src/main/AndroidManifest.xml:263:19-80
intent-filter#android.intent.action.BOOT_COMPLETED+io.dcloud.HBuilder.__CLEAR_NOTIFICATION+io.dcloud.HBuilder.__CLILK_NOTIFICATION+io.dcloud.HBuilder.__CREATE_NOTIFICATION+io.dcloud.HBuilder.__REMOVE_NOTIFICATION
ADDED from src/main/AndroidManifest.xml:264:13-270:29
action#io.dcloud.HBuilder.__CREATE_NOTIFICATION
ADDED from src/main/AndroidManifest.xml:266:17-83
	android:name
		ADDED from src/main/AndroidManifest.xml:266:25-80
action#io.dcloud.HBuilder.__REMOVE_NOTIFICATION
ADDED from src/main/AndroidManifest.xml:267:17-83
	android:name
		ADDED from src/main/AndroidManifest.xml:267:25-80
action#io.dcloud.HBuilder.__CLEAR_NOTIFICATION
ADDED from src/main/AndroidManifest.xml:268:17-82
	android:name
		ADDED from src/main/AndroidManifest.xml:268:25-79
action#io.dcloud.HBuilder.__CLILK_NOTIFICATION
ADDED from src/main/AndroidManifest.xml:269:17-82
	android:name
		ADDED from src/main/AndroidManifest.xml:269:25-79
service#io.dcloud.feature.apsGt.GTNormalIntentService
ADDED from src/main/AndroidManifest.xml:272:9-273:75
	android:name
		ADDED from src/main/AndroidManifest.xml:273:13-73
service#io.dcloud.feature.apsGt.GTNormalPushService
ADDED from src/main/AndroidManifest.xml:274:9-278:54
	android:process
		ADDED from src/main/AndroidManifest.xml:278:13-43
	android:label
		ADDED from src/main/AndroidManifest.xml:277:13-40
	android:exported
		ADDED from src/main/AndroidManifest.xml:276:13-36
	android:name
		ADDED from src/main/AndroidManifest.xml:275:13-71
meta-data#SINA_REDIRECT_URI
ADDED from src/main/AndroidManifest.xml:286:9-288:53
	android:value
		ADDED from src/main/AndroidManifest.xml:288:13-50
	android:name
		ADDED from src/main/AndroidManifest.xml:287:13-45
meta-data#SINA_SECRET
ADDED from src/main/AndroidManifest.xml:289:9-291:64
	android:value
		ADDED from src/main/AndroidManifest.xml:291:13-61
	android:name
		ADDED from src/main/AndroidManifest.xml:290:13-39
meta-data#SINA_APPKEY
ADDED from src/main/AndroidManifest.xml:292:9-294:43
	android:value
		ADDED from src/main/AndroidManifest.xml:294:13-40
	android:name
		ADDED from src/main/AndroidManifest.xml:293:13-39
activity#com.sina.weibo.sdk.web.WeiboSdkWebActivity
ADDED from src/main/AndroidManifest.xml:296:9-300:67
	android:windowSoftInputMode
		ADDED from src/main/AndroidManifest.xml:300:13-55
	android:exported
		ADDED from src/main/AndroidManifest.xml:299:13-37
	android:configChanges
		ADDED from src/main/AndroidManifest.xml:298:13-63
	android:name
		ADDED from src/main/AndroidManifest.xml:297:13-70
activity#com.sina.weibo.sdk.share.WbShareTransActivity
ADDED from src/main/AndroidManifest.xml:301:9-310:20
	android:launchMode
		ADDED from src/main/AndroidManifest.xml:303:13-44
	android:theme
		ADDED from src/main/AndroidManifest.xml:304:13-83
	android:name
		ADDED from src/main/AndroidManifest.xml:302:13-73
intent-filter#android.intent.category.DEFAULT+com.sina.weibo.sdk.action.ACTION_SDK_REQ_ACTIVITY
ADDED from src/main/AndroidManifest.xml:305:13-309:29
action#com.sina.weibo.sdk.action.ACTION_SDK_REQ_ACTIVITY
ADDED from src/main/AndroidManifest.xml:306:17-92
	android:name
		ADDED from src/main/AndroidManifest.xml:306:25-89
meta-data#TENCENT_REDIRECT_URI
ADDED from src/main/AndroidManifest.xml:316:9-318:53
	android:value
		ADDED from src/main/AndroidManifest.xml:318:13-50
	android:name
		ADDED from src/main/AndroidManifest.xml:317:13-48
meta-data#TENCENT_SECRET
ADDED from src/main/AndroidManifest.xml:319:9-321:53
	android:value
		ADDED from src/main/AndroidManifest.xml:321:13-50
	android:name
		ADDED from src/main/AndroidManifest.xml:320:13-42
meta-data#TENCENT_APPKEY
ADDED from src/main/AndroidManifest.xml:322:9-324:65
	android:value
		ADDED from src/main/AndroidManifest.xml:324:13-62
	android:name
		ADDED from src/main/AndroidManifest.xml:323:13-42
activity#io.dcloud.share.tencent.WebAuthorize
ADDED from src/main/AndroidManifest.xml:326:9-328:72
	android:theme
		ADDED from src/main/AndroidManifest.xml:328:13-60
	android:name
		ADDED from src/main/AndroidManifest.xml:327:13-64
meta-data#WX_SECRET
ADDED from src/main/AndroidManifest.xml:330:9-332:64
	android:value
		ADDED from src/main/AndroidManifest.xml:332:13-61
	android:name
		ADDED from src/main/AndroidManifest.xml:331:13-37
meta-data#WX_APPID
ADDED from src/main/AndroidManifest.xml:333:9-335:50
	android:value
		ADDED from src/main/AndroidManifest.xml:335:13-47
	android:name
		ADDED from src/main/AndroidManifest.xml:334:13-36
activity#io.dcloud.HBuilder.Hello.wxapi.WXEntryActivity
ADDED from src/main/AndroidManifest.xml:337:9-349:20
	android:label
		ADDED from src/main/AndroidManifest.xml:340:13-45
	android:launchMode
		ADDED from src/main/AndroidManifest.xml:341:13-43
	android:exported
		ADDED from src/main/AndroidManifest.xml:339:13-36
	android:name
		ADDED from src/main/AndroidManifest.xml:338:13-74
intent-filter#android.intent.action.VIEW+android.intent.category.DEFAULT
ADDED from src/main/AndroidManifest.xml:342:13-348:29
activity#com.alipay.sdk.app.H5PayActivity
ADDED from src/main/AndroidManifest.xml:354:9-359:79
	android:screenOrientation
		ADDED from src/main/AndroidManifest.xml:358:13-47
	android:windowSoftInputMode
		ADDED from src/main/AndroidManifest.xml:359:13-67
	android:exported
		ADDED from src/main/AndroidManifest.xml:357:13-37
	android:configChanges
		ADDED from src/main/AndroidManifest.xml:356:13-74
	android:name
		ADDED from src/main/AndroidManifest.xml:355:13-60
activity#com.alipay.sdk.auth.AuthActivity
ADDED from src/main/AndroidManifest.xml:360:9-364:59
	android:screenOrientation
		ADDED from src/main/AndroidManifest.xml:364:13-47
	android:exported
		ADDED from src/main/AndroidManifest.xml:363:13-37
	android:configChanges
		ADDED from src/main/AndroidManifest.xml:362:13-74
	android:name
		ADDED from src/main/AndroidManifest.xml:361:13-60
activity#io.dcloud.HBuilder.Hello.wxapi.WXPayEntryActivity
ADDED from src/main/AndroidManifest.xml:369:9-372:46
	android:launchMode
		ADDED from src/main/AndroidManifest.xml:372:13-43
	android:exported
		ADDED from src/main/AndroidManifest.xml:371:13-36
	android:name
		ADDED from src/main/AndroidManifest.xml:370:13-77
meta-data#MIUI_APPID
ADDED from src/main/AndroidManifest.xml:380:9-382:45
	android:value
		ADDED from src/main/AndroidManifest.xml:382:13-42
	android:name
		ADDED from src/main/AndroidManifest.xml:381:13-38
meta-data#MIUI_APPSECRET
ADDED from src/main/AndroidManifest.xml:383:9-385:48
	android:value
		ADDED from src/main/AndroidManifest.xml:385:13-45
	android:name
		ADDED from src/main/AndroidManifest.xml:384:13-42
meta-data#MIUI_REDIRECT_URI
ADDED from src/main/AndroidManifest.xml:386:9-388:43
	android:value
		ADDED from src/main/AndroidManifest.xml:388:13-40
	android:name
		ADDED from src/main/AndroidManifest.xml:387:13-45
activity#com.xiaomi.account.openauth.AuthorizeActivity
ADDED from src/main/AndroidManifest.xml:390:9-82
	android:name
		ADDED from src/main/AndroidManifest.xml:390:19-79
service#com.xiaomi.push.service.XMPushService
ADDED from src/main/AndroidManifest.xml:401:9-404:46
	android:process
		ADDED from src/main/AndroidManifest.xml:404:13-43
	android:enabled
		ADDED from src/main/AndroidManifest.xml:403:13-35
	android:name
		ADDED from src/main/AndroidManifest.xml:402:13-65
service#com.xiaomi.push.service.XMJobService
ADDED from src/main/AndroidManifest.xml:405:9-410:46
	android:process
		ADDED from src/main/AndroidManifest.xml:410:13-43
	android:enabled
		ADDED from src/main/AndroidManifest.xml:407:13-35
	android:exported
		ADDED from src/main/AndroidManifest.xml:408:13-37
	android:permission
		ADDED from src/main/AndroidManifest.xml:409:13-69
	android:name
		ADDED from src/main/AndroidManifest.xml:406:13-64
service#com.xiaomi.mipush.sdk.PushMessageHandler
ADDED from src/main/AndroidManifest.xml:411:9-414:39
	android:enabled
		ADDED from src/main/AndroidManifest.xml:413:13-35
	android:exported
		ADDED from src/main/AndroidManifest.xml:414:13-36
	android:name
		ADDED from src/main/AndroidManifest.xml:412:13-68
service#com.xiaomi.mipush.sdk.MessageHandleService
ADDED from src/main/AndroidManifest.xml:415:9-417:38
	android:enabled
		ADDED from src/main/AndroidManifest.xml:417:13-35
	android:name
		ADDED from src/main/AndroidManifest.xml:416:13-70
receiver#com.xiaomi.push.service.receivers.NetworkStatusReceiver
ADDED from src/main/AndroidManifest.xml:419:9-427:20
	android:exported
		ADDED from src/main/AndroidManifest.xml:421:13-36
	android:name
		ADDED from src/main/AndroidManifest.xml:420:13-83
intent-filter#android.intent.category.DEFAULT+android.net.conn.CONNECTIVITY_CHANGE
ADDED from src/main/AndroidManifest.xml:422:13-426:29
receiver#com.xiaomi.push.service.receivers.PingReceiver
ADDED from src/main/AndroidManifest.xml:428:9-435:20
	android:process
		ADDED from src/main/AndroidManifest.xml:431:13-43
	android:exported
		ADDED from src/main/AndroidManifest.xml:430:13-37
	android:name
		ADDED from src/main/AndroidManifest.xml:429:13-74
intent-filter#com.xiaomi.push.PING_TIMER
ADDED from src/main/AndroidManifest.xml:432:13-434:29
action#com.xiaomi.push.PING_TIMER
ADDED from src/main/AndroidManifest.xml:433:17-69
	android:name
		ADDED from src/main/AndroidManifest.xml:433:25-66
receiver#io.dcloud.feature.apsXm.XMMessageReceiver
ADDED from src/main/AndroidManifest.xml:436:9-448:20
	android:exported
		ADDED from src/main/AndroidManifest.xml:438:13-36
	android:name
		ADDED from src/main/AndroidManifest.xml:437:13-69
intent-filter#com.xiaomi.mipush.RECEIVE_MESSAGE
ADDED from src/main/AndroidManifest.xml:439:13-441:29
action#com.xiaomi.mipush.RECEIVE_MESSAGE
ADDED from src/main/AndroidManifest.xml:440:17-76
	android:name
		ADDED from src/main/AndroidManifest.xml:440:25-73
intent-filter#com.xiaomi.mipush.MESSAGE_ARRIVED
ADDED from src/main/AndroidManifest.xml:442:13-444:29
action#com.xiaomi.mipush.MESSAGE_ARRIVED
ADDED from src/main/AndroidManifest.xml:443:17-76
	android:name
		ADDED from src/main/AndroidManifest.xml:443:25-73
intent-filter#com.xiaomi.mipush.ERROR
ADDED from src/main/AndroidManifest.xml:445:13-447:29
action#com.xiaomi.mipush.ERROR
ADDED from src/main/AndroidManifest.xml:446:17-66
	android:name
		ADDED from src/main/AndroidManifest.xml:446:25-63
receiver#io.dcloud.feature.apsXm.XMNotificationReceiver
ADDED from src/main/AndroidManifest.xml:449:9-459:20
	android:exported
		ADDED from src/main/AndroidManifest.xml:451:13-36
	android:name
		ADDED from src/main/AndroidManifest.xml:450:13-74
intent-filter#android.intent.action.BOOT_COMPLETED+com.HBuilder.integrate.__CLEAR_NOTIFICATION+com.HBuilder.integrate.__CLILK_NOTIFICATION+com.HBuilder.integrate.__CREATE_NOTIFICATION+com.HBuilder.integrate.__REMOVE_NOTIFICATION